This is pdfTeX, Version 3.141592-1.40.3 (Web2C 7.5.6)
entering extended mode
(./thesis-proposal.tex
LaTeX2e <2005/12/01>
Babel <v3.8h> and hyphenation patterns for english, usenglishmax, dumylang, noh
yphenation, arabic, basque, bulgarian, coptic, welsh, czech, slovak, german, ng
erman, danish, esperanto, spanish, catalan, galician, estonian, farsi, finnish,
 french, greek, monogreek, ancientgreek, croatian, hungarian, interlingua, ibyc
us, indonesian, icelandic, italian, latin, mongolian, dutch, norsk, polish, por
tuguese, pinyin, romanian, russian, slovenian, uppersorbian, serbian, swedish, 
turkish, ukenglish, ukrainian, loaded.
(./umthesis.cls
Document Class: umthesis 2003/10/16 20:20:51 1.25 U.Mass. dissertation class
(/opt/local/share/texmf-dist/tex/latex/base/report.cls
Document Class: report 2005/09/16 v1.4f Standard LaTeX document class
(/opt/local/share/texmf-dist/tex/latex/base/size12.clo))
(/opt/local/share/texmf-dist/tex/latex/textcase/textcase.sty) (./etoolbox.sty
(/opt/local/share/texmf-dist/tex/latex/etex/etex.sty)) (./umth12pt.clo)
Patching chapter command 1 succeeded
Patching chapter command 2 succeeded
Patching chapter command 3 succeeded
Appending to chapter command succeeded
(./umthstd.clo)) (/opt/local/share/texmf-dist/tex/latex/graphics/graphicx.sty
(/opt/local/share/texmf-dist/tex/latex/graphics/keyval.sty)
(/opt/local/share/texmf-dist/tex/latex/graphics/graphics.sty
(/opt/local/share/texmf-dist/tex/latex/graphics/trig.sty)
(/opt/local/share/texmf/tex/latex/config/graphics.cfg)
(/opt/local/share/texmf-dist/tex/latex/pdftex-def/pdftex.def)))
(/opt/local/share/texmf-dist/tex/latex/graphics/epsfig.sty)
(/opt/local/share/texmf-dist/tex/latex/amsfonts/amssymb.sty
(/opt/local/share/texmf-dist/tex/latex/amsfonts/amsfonts.sty))
(/opt/local/share/texmf-dist/tex/latex/tools/verbatim.sty)
(/opt/local/share/texmf-dist/tex/latex/moreverb/moreverb.sty)
(/opt/local/share/texmf-dist/tex/latex/ltxmisc/cancel.sty)
(/opt/local/share/texmf-dist/tex/latex/fancyhdr/fancyhdr.sty)
(/opt/local/share/texmf-dist/tex/latex/algorithms/algorithmic.sty
Document Style `algorithmic' - environment
(/opt/local/share/texmf-dist/tex/latex/base/ifthen.sty)
(/opt/local/share/texmf-dist/tex/latex/tools/calc.sty))
(/opt/local/share/texmf-dist/tex/latex/algorithms/algorithm.sty
Document Style `algorithm' - floating environment
(/opt/local/share/texmf-dist/tex/latex/float/float.sty))
(/opt/local/share/texmf-dist/tex/latex/oberdiek/epstopdf.sty

Package epstopdf Warning: Shell escape feature is not enabled.

) (/opt/local/share/texmf-dist/tex/latex/amsmath/amsmath.sty
For additional information on amsmath, use the `?' option.
(/opt/local/share/texmf-dist/tex/latex/amsmath/amstext.sty
(/opt/local/share/texmf-dist/tex/latex/amsmath/amsgen.sty))
(/opt/local/share/texmf-dist/tex/latex/amsmath/amsbsy.sty)
(/opt/local/share/texmf-dist/tex/latex/amsmath/amsopn.sty))
(/opt/local/share/texmf-dist/tex/latex/amscls/amsthm.sty)
(/opt/local/share/texmf-dist/tex/latex/subfigure/subfigure.sty
****************************************
* Local config file subfigure.cfg used *
****************************************
(/opt/local/share/texmf-dist/tex/latex/subfigure/subfigure.cfg))
(/opt/local/share/texmf-dist/tex/latex/rotating/rotating.sty)
(/opt/local/share/texmf-dist/tex/latex/ltxmisc/framed.sty)
(/opt/local/share/texmf-dist/tex/latex/xcolor/xcolor.sty
(/opt/local/share/texmf/tex/latex/config/color.cfg))
(/opt/local/share/texmf-dist/tex/latex/soul/soul.sty)
(/opt/local/share/texmf-dist/tex/latex/tools/enumerate.sty)
(/opt/local/share/texmf-dist/tex/latex/ltxmisc/endnotes.sty)
(/opt/local/share/texmf-dist/tex/latex/datetime/datetime.sty
(/opt/local/share/texmf-dist/tex/latex/fmtcount/fmtcount.sty
No configuration file fmtcount.cfg found.
(/opt/local/share/texmf-dist/tex/latex/fmtcount/fc-english.def)))
(/opt/local/share/texmf-dist/tex/latex/hyperref/hyperref.sty
(/opt/local/share/texmf-dist/tex/latex/hyperref/pd1enc.def)
(/opt/local/share/texmf/tex/latex/config/hyperref.cfg)
(/opt/local/share/texmf-dist/tex/latex/oberdiek/kvoptions.sty)
Implicit mode ON; LaTeX internals redefined
(/opt/local/share/texmf-dist/tex/latex/ltxmisc/url.sty))
*hyperref using default driver hpdftex*
(/opt/local/share/texmf-dist/tex/latex/hyperref/hpdftex.def)
Disabled uppercase in PDF strings
(./thesis-proposal.aux

LaTeX Warning: Label `sec:intro' multiply defined.

) (/opt/local/share/texmf-dist/tex/context/base/supp-pdf.tex
[Loading MPS to PDF converter (version 2006.09.02).]
) (/opt/local/share/texmf-dist/tex/latex/hyperref/nameref.sty
(/opt/local/share/texmf-dist/tex/latex/oberdiek/refcount.sty))
(./thesis-proposal.out) (./thesis-proposal.out)
(/opt/local/share/texmf-dist/tex/latex/amsfonts/umsa.fd)
(/opt/local/share/texmf-dist/tex/latex/amsfonts/umsb.fd) [1{/opt/local/share/te
xmf/fonts/map/pdftex/updmap/pdftex.map}]
(/opt/local/share/texmf-dist/tex/latex/base/omscmr.fd) [2]
(./thesis-abstract.tex [3] [4] [5]) [6] (./thesis-proposal.toc [7] [8])
[9] (./thesis-proposal.lot) [10] (./thesis-proposal.lof) [11] (./intro.tex

Package hyperref Warning: bookmark level for unknown Chapter defaults to 0.

[1] [2] [3]
Overfull \hbox (4.43526pt too wide) in paragraph at lines 82--86
[]\OT1/cmr/m/n/12 We de-sign, de-velop, and eval-u-ate three dif-fer-ent al-go-
rithms -- \OT1/cmr/m/sc/12 2nd-Best\OT1/cmr/m/n/12 , \OT1/cmr/m/sc/12 Purge\OT1
/cmr/m/n/12 ,
[4] [5]) [6]
Chapter 1.
(./rollback/intro.tex [7]
Overfull \hbox (5.92128pt too wide) in paragraph at lines 29--34
[]\OT1/cmr/m/n/12 For each al-go-rithm, we prove cor-rect-ness, de-rive com-mu-
ni-ca-tion com-plex-ity bounds,
[8]) (./rollback/problem-stmt.tex [9]) (./rollback/algorithms.tex [10]

Package hyperref Warning: Token not allowed in a PDFDocEncoded string,
(hyperref)                removing `math shift' on input line 31.


Package hyperref Warning: Token not allowed in a PDFDocEncoded string,
(hyperref)                removing `superscript' on input line 31.


Package hyperref Warning: Token not allowed in a PDFDocEncoded string,
(hyperref)                removing `math shift' on input line 31.

[11]) (./rollback/analysis.tex [12]) (./rollback/experiments.tex [13] [14]
Overfull \hbox (2.22688pt too wide) in paragraph at lines 50--55
[]\OT1/cmr/m/n/12 In or-der to es-tab-lish sta-tis-ti-cal sig-nif-i-cance, we g
en-er-ate sev-eral Erd^^?os-R^^Senyi graphs
[15] <figs/rollback-msg-rand5.pdf, id=567, 361.35pt x 252.945pt>
<use figs/rollback-msg-rand5.pdf> [16 <./figs/rollback-msg-rand5.pdf>]
<figs/p05-lc4.pdf, id=584, 361.35pt x 252.945pt> <use figs/p05-lc4.pdf>
<figs/rollback-p05-k4.pdf, id=585, 361.35pt x 252.945pt>
<use figs/rollback-p05-k4.pdf> [17] [18 <./figs/p05-lc4.pdf> <./figs/rollback-p
05-k4.pdf>]) (./rollback/related.tex [19]) (./rollback/conclusion.tex) [20]
[21]
Chapter 2.
(./pmu/intro.tex [22] [23]) (./pmu/prelim.tex [24] [25])
(./pmu/problem-stmt-inject.tex
Overfull \hbox (14.41577pt too wide) in paragraph at lines 5--11
\OT1/cmr/m/sc/12 serve\OT1/cmr/m/n/12 , \OT1/cmr/m/sc/12 FullObserve-XV\OT1/cmr
/m/n/12 , and \OT1/cmr/m/sc/12 MaxObserve-XV\OT1/cmr/m/n/12 ) and prove their N
P-Completeness.
[26]
Overfull \hbox (1.60466pt too wide) in paragraph at lines 19--25
[]\OT1/cmr/m/n/12 In this sec-tion, we out-line the proof strat-egy we use in e
ach of our NP-Completeness
[27] <figs/gvarphi.pdf, id=733, 457.71pt x 293.095pt> <use figs/gvarphi.pdf>
<figs/proof1-inject-example.pdf, id=735, 464.73625pt x 315.1775pt>
<use figs/proof1-inject-example.pdf>
Overfull \hbox (57.88527pt too wide) in paragraph at lines 57--60
[][] [][] 
<figs/diamond-gadget.pdf, id=744, 557.08125pt x 122.4575pt>
<use figs/diamond-gadget.pdf>
<figs/line-gadget.pdf, id=749, 197.73875pt x 64.24pt>
<use figs/line-gadget.pdf>
Underfull \hbox (badness 10000) in paragraph at lines 74--74
[]\OT1/cmr/m/n/10 (b) The-o-rem

Underfull \hbox (badness 10000) in paragraph at lines 74--74
[]\OT1/cmr/m/n/10 2.2[] clause
<figs/vgadget-inject.pdf, id=752, 557.08125pt x 210.7875pt>
<use figs/vgadget-inject.pdf>

LaTeX Font Warning: Font shape `OT1/cmr/bx/sc' undefined
(Font)              using `OT1/cmr/bx/n' instead on input line 104.

[28] [29 <./figs/gvarphi.pdf> <./figs/proof1-inject-example.pdf>] [30 <./figs/d
iamond-gadget.pdf> <./figs/line-gadget.pdf> <./figs/vgadget-inject.pdf>])
(./pmu/approx.tex [31]) (./pmu/simulations-inject.tex [32] [33]
<figs/bus57.pdf, id=1290, 361.35pt x 252.945pt> <use figs/bus57.pdf>
<figs/xvbus57.pdf, id=1291, 361.35pt x 252.945pt> <use figs/xvbus57.pdf>)
(./pmu/related.tex [34]) (./pmu/conclude.tex [35 <./figs/bus57.pdf> <./figs/xvb
us57.pdf>]) [36]
Chapter 3.
(./multicast/reliable-mcast.tex [37] [38] [39]
Overfull \hbox (1.27222pt too wide) in paragraph at lines 94--117
 [] 
[40] [41] [42] [43] [44] [45] [46]
<figs/intuition-example-t1.pdf, id=1521, 393.47pt x 419.5675pt>
<use figs/intuition-example-t1.pdf>
<figs/intuition-example-t2.pdf, id=1522, 393.47pt x 419.5675pt>
<use figs/intuition-example-t2.pdf> [47] [48 <./figs/intuition-example-t1.pdf> 
<./figs/intuition-example-t2.pdf>] [49] [50] [51] [52] [53] [54] [55] [56]
[57] [58] [59] [60]) [61]
Chapter 4.
(./future.tex [62] [63]) (./thesis-proposal.bbl [64]

Package hyperref Warning: bookmark level for unknown BackMatter defaults to 0.


Underfull \hbox (badness 10000) in paragraph at lines 12--15
[]\OT1/cmr/m/n/12 Rocketfuel.  []$\OT1/cmtt/m/n/12 http : / / www . cs . washin
gton . edu / research / networking /
[65] [66] [67] [68]) [69] (./thesis-proposal.aux)

LaTeX Font Warning: Some font shapes were not available, defaults substituted.


LaTeX Warning: There were multiply-defined labels.

 )
(\end occurred inside a group at level 1)

### simple group (level 1) entered at line 84 ({)
### bottom level
(see the transcript file for additional information)</opt/local/share/texmf-dis
t/fonts/type1/bluesky/cm/cmbx10.pfb></opt/local/share/texmf-dist/fonts/type1/bl
uesky/cm/cmbx12.pfb></opt/local/share/texmf-dist/fonts/type1/bluesky/cm/cmcsc10
.pfb></opt/local/share/texmf-dist/fonts/type1/bluesky/cm/cmex10.pfb></opt/local
/share/texmf-dist/fonts/type1/bluesky/cm/cmmi10.pfb></opt/local/share/texmf-dis
t/fonts/type1/bluesky/cm/cmmi12.pfb></opt/local/share/texmf-dist/fonts/type1/bl
uesky/cm/cmmi6.pfb></opt/local/share/texmf-dist/fonts/type1/bluesky/cm/cmmi7.pf
b></opt/local/share/texmf-dist/fonts/type1/bluesky/cm/cmmi8.pfb></opt/local/sha
re/texmf-dist/fonts/type1/bluesky/cm/cmr10.pfb></opt/local/share/texmf-dist/fon
ts/type1/bluesky/cm/cmr12.pfb></opt/local/share/texmf-dist/fonts/type1/bluesky/
cm/cmr6.pfb></opt/local/share/texmf-dist/fonts/type1/bluesky/cm/cmr7.pfb></opt/
local/share/texmf-dist/fonts/type1/bluesky/cm/cmr8.pfb></opt/local/share/texmf-
dist/fonts/type1/bluesky/cm/cmsy10.pfb></opt/local/share/texmf-dist/fonts/type1
/bluesky/cm/cmsy6.pfb></opt/local/share/texmf-dist/fonts/type1/bluesky/cm/cmsy7
.pfb></opt/local/share/texmf-dist/fonts/type1/bluesky/cm/cmsy8.pfb></opt/local/
share/texmf-dist/fonts/type1/bluesky/cm/cmti10.pfb></opt/local/share/texmf-dist
/fonts/type1/bluesky/cm/cmti12.pfb></opt/local/share/texmf-dist/fonts/type1/blu
esky/cm/cmtt10.pfb></opt/local/share/texmf-dist/fonts/type1/bluesky/cm/cmtt12.p
fb></opt/local/share/texmf-dist/fonts/type1/bluesky/ams/msbm10.pfb>
Output written on thesis-proposal.pdf (80 pages, 874598 bytes).
Transcript written on thesis-proposal.log.
