This is pdfTeX, Version 3.141592-1.40.3 (Web2C 7.5.6) (format=pdflatex 2010.1.28)  6 MAR 2013 14:33
entering extended mode
**thesis-proposal.tex
(./thesis-proposal.tex
LaTeX2e <2005/12/01>
Babel <v3.8h> and hyphenation patterns for english, usenglishmax, dumylang, noh
yphenation, arabic, basque, bulgarian, coptic, welsh, czech, slovak, german, ng
erman, danish, esperanto, spanish, catalan, galician, estonian, farsi, finnish,
 french, greek, monogreek, ancientgreek, croatian, hungarian, interlingua, ibyc
us, indonesian, icelandic, italian, latin, mongolian, dutch, norsk, polish, por
tuguese, pinyin, romanian, russian, slovenian, uppersorbian, serbian, swedish, 
turkish, ukenglish, ukrainian, loaded.
(./umthesis.cls
Document Class: umthesis 2003/10/16 20:20:51 1.25 U.Mass. dissertation class
(/opt/local/share/texmf-dist/tex/latex/base/report.cls
Document Class: report 2005/09/16 v1.4f Standard LaTeX document class
(/opt/local/share/texmf-dist/tex/latex/base/size12.clo
File: size12.clo 2005/09/16 v1.4f Standard LaTeX file (size option)
)
\c@part=\count79
\c@chapter=\count80
\c@section=\count81
\c@subsection=\count82
\c@subsubsection=\count83
\c@paragraph=\count84
\c@subparagraph=\count85
\c@figure=\count86
\c@table=\count87
\abovecaptionskip=\skip41
\belowcaptionskip=\skip42
\bibindent=\dimen102
)
(/opt/local/share/texmf-dist/tex/latex/textcase/textcase.sty
Package: textcase 2004/10/07 v0.07 Text only upper/lower case changing (DPC)
) (./etoolbox.sty
Package: etoolbox 2011/01/03 v2.1 e-TeX tools for LaTeX

(/opt/local/share/texmf-dist/tex/latex/etex/etex.sty
Package: etex 1998/03/26 v2.0 eTeX basic definition package (PEB)
\et@xins=\count88
)
\etb@tempcnta=\count89
) (./umth12pt.clo
File: umth12pt.clo 1997/09/08 16:03:30 1.3 U.Mass. thesis (size option)
)
\c@count@FrontMatter=\count90
\c@count@Chapter=\count91
\c@count@Appendix=\count92
\c@count@BackMatter=\count93

Patching chapter command 1 succeeded
Patching chapter command 2 succeeded
Patching chapter command 3 succeeded
Appending to chapter command succeeded
\umthesis@contentshangindent=\skip43
\tablenumberwidth=\skip44
(./umthstd.clo
File: umthstd.clo 2003/10/16 20:56:33 1.12 U.Mass. thesis frontmatter option
)
\umthesis@basefootnotesep=\skip45
\umthesis@baseskipfootins=\skip46
) (/opt/local/share/texmf-dist/tex/latex/graphics/graphicx.sty
Package: graphicx 1999/02/16 v1.0f Enhanced LaTeX Graphics (DPC,SPQR)

(/opt/local/share/texmf-dist/tex/latex/graphics/keyval.sty
Package: keyval 1999/03/16 v1.13 key=value parser (DPC)
\KV@toks@=\toks14
)
(/opt/local/share/texmf-dist/tex/latex/graphics/graphics.sty
Package: graphics 2006/02/20 v1.0o Standard LaTeX Graphics (DPC,SPQR)

(/opt/local/share/texmf-dist/tex/latex/graphics/trig.sty
Package: trig 1999/03/16 v1.09 sin cos tan (DPC)
)
(/opt/local/share/texmf/tex/latex/config/graphics.cfg
File: graphics.cfg 2007/01/18 v1.5 graphics configuration of teTeX/TeXLive
)
Package graphics Info: Driver file: pdftex.def on input line 90.

(/opt/local/share/texmf-dist/tex/latex/pdftex-def/pdftex.def
File: pdftex.def 2007/01/08 v0.04d Graphics/color for pdfTeX
\Gread@gobject=\count94
))
\Gin@req@height=\dimen103
\Gin@req@width=\dimen104
)
(/opt/local/share/texmf-dist/tex/latex/graphics/epsfig.sty
Package: epsfig 1999/02/16 v1.7a (e)psfig emulation (SPQR)
\epsfxsize=\dimen105
\epsfysize=\dimen106
)
(/opt/local/share/texmf-dist/tex/latex/amsfonts/amssymb.sty
Package: amssymb 2002/01/22 v2.2d

(/opt/local/share/texmf-dist/tex/latex/amsfonts/amsfonts.sty
Package: amsfonts 2001/10/25 v2.2f
\@emptytoks=\toks15
\symAMSa=\mathgroup4
\symAMSb=\mathgroup5
LaTeX Font Info:    Overwriting math alphabet `\mathfrak' in version `bold'
(Font)                  U/euf/m/n --> U/euf/b/n on input line 132.
))
(/opt/local/share/texmf-dist/tex/latex/tools/verbatim.sty
Package: verbatim 2003/08/22 v1.5q LaTeX2e package for verbatim enhancements
\every@verbatim=\toks16
\verbatim@line=\toks17
\verbatim@in@stream=\read1
)
(/opt/local/share/texmf-dist/tex/latex/moreverb/moreverb.sty
Package: moreverb 1997/12/07 v2.2d.2 `more' verbatim facilities
\verbatim@out=\write3
\tab@position=\count95
\tab@size=\count96
\listing@line=\count97
)
(/opt/local/share/texmf-dist/tex/latex/ltxmisc/cancel.sty
Package: cancel 2000/03/12 v2.1 Cancel math terms
)
(/opt/local/share/texmf-dist/tex/latex/fancyhdr/fancyhdr.sty
\fancy@headwidth=\skip47
\f@ncyO@elh=\skip48
\f@ncyO@erh=\skip49
\f@ncyO@olh=\skip50
\f@ncyO@orh=\skip51
\f@ncyO@elf=\skip52
\f@ncyO@erf=\skip53
\f@ncyO@olf=\skip54
\f@ncyO@orf=\skip55
)
(/opt/local/share/texmf-dist/tex/latex/algorithms/algorithmic.sty
Package: algorithmic 2006/06/02

Document Style `algorithmic' - environment
(/opt/local/share/texmf-dist/tex/latex/base/ifthen.sty
Package: ifthen 2001/05/26 v1.1c Standard LaTeX ifthen package (DPC)
)
(/opt/local/share/texmf-dist/tex/latex/tools/calc.sty
Package: calc 2005/08/06 v4.2 Infix arithmetic (KKT,FJ)
\calc@Acount=\count98
\calc@Bcount=\count99
\calc@Adimen=\dimen107
\calc@Bdimen=\dimen108
\calc@Askip=\skip56
\calc@Bskip=\skip57
LaTeX Info: Redefining \setlength on input line 75.
LaTeX Info: Redefining \addtolength on input line 76.
\calc@Ccount=\count100
\calc@Cskip=\skip58
)
\c@ALC@line=\count101
\c@ALC@rem=\count102
\c@ALC@depth=\count103
\ALC@tlm=\skip59
\algorithmicindent=\skip60
)
(/opt/local/share/texmf-dist/tex/latex/algorithms/algorithm.sty
Package: algorithm 

Document Style `algorithm' - floating environment
(/opt/local/share/texmf-dist/tex/latex/float/float.sty
Package: float 2001/11/08 v1.3d Float enhancements (AL)
\c@float@type=\count104
\float@exts=\toks18
\float@box=\box26
\@float@everytoks=\toks19
\@floatcapt=\box27
)
\@float@every@algorithm=\toks20
\c@algorithm=\count105
)
(/opt/local/share/texmf-dist/tex/latex/oberdiek/epstopdf.sty
Package: epstopdf 2006/08/26 v1.3 Conversion with epstopdf on the fly (HO)


Package epstopdf Warning: Shell escape feature is not enabled.

) (/opt/local/share/texmf-dist/tex/latex/amsmath/amsmath.sty
Package: amsmath 2000/07/18 v2.13 AMS math features
\@mathmargin=\skip61

For additional information on amsmath, use the `?' option.
(/opt/local/share/texmf-dist/tex/latex/amsmath/amstext.sty
Package: amstext 2000/06/29 v2.01

(/opt/local/share/texmf-dist/tex/latex/amsmath/amsgen.sty
File: amsgen.sty 1999/11/30 v2.0
\@emptytoks=\toks21
\ex@=\dimen109
))
(/opt/local/share/texmf-dist/tex/latex/amsmath/amsbsy.sty
Package: amsbsy 1999/11/29 v1.2d
\pmbraise@=\dimen110
)
(/opt/local/share/texmf-dist/tex/latex/amsmath/amsopn.sty
Package: amsopn 1999/12/14 v2.01 operator names
)
\inf@bad=\count106
LaTeX Info: Redefining \frac on input line 211.
\uproot@=\count107
\leftroot@=\count108
LaTeX Info: Redefining \overline on input line 307.
\classnum@=\count109
\DOTSCASE@=\count110
LaTeX Info: Redefining \ldots on input line 379.
LaTeX Info: Redefining \dots on input line 382.
LaTeX Info: Redefining \cdots on input line 467.
\Mathstrutbox@=\box28
\strutbox@=\box29
\big@size=\dimen111
LaTeX Font Info:    Redeclaring font encoding OML on input line 567.
LaTeX Font Info:    Redeclaring font encoding OMS on input line 568.
\macc@depth=\count111
\c@MaxMatrixCols=\count112
\dotsspace@=\muskip10
\c@parentequation=\count113
\dspbrk@lvl=\count114
\tag@help=\toks22
\row@=\count115
\column@=\count116
\maxfields@=\count117
\andhelp@=\toks23
\eqnshift@=\dimen112
\alignsep@=\dimen113
\tagshift@=\dimen114
\tagwidth@=\dimen115
\totwidth@=\dimen116
\lineht@=\dimen117
\@envbody=\toks24
\multlinegap=\skip62
\multlinetaggap=\skip63
\mathdisplay@stack=\toks25
LaTeX Info: Redefining \[ on input line 2666.
LaTeX Info: Redefining \] on input line 2667.
)
(/opt/local/share/texmf-dist/tex/latex/amscls/amsthm.sty
Package: amsthm 2004/08/06 v2.20
\thm@style=\toks26
\thm@bodyfont=\toks27
\thm@headfont=\toks28
\thm@notefont=\toks29
\thm@headpunct=\toks30
\thm@preskip=\skip64
\thm@postskip=\skip65
\thm@headsep=\skip66
\dth@everypar=\toks31
)
(/opt/local/share/texmf-dist/tex/latex/subfigure/subfigure.sty
Package: subfigure 2002/03/15 v2.1.5 subfigure package
\subfigtopskip=\skip67
\subfigcapskip=\skip68
\subfigcaptopadj=\dimen118
\subfigbottomskip=\skip69
\subfigcapmargin=\dimen119
\subfiglabelskip=\skip70
\c@subfigure=\count118
\c@lofdepth=\count119
\c@subtable=\count120
\c@lotdepth=\count121

****************************************
* Local config file subfigure.cfg used *
****************************************
(/opt/local/share/texmf-dist/tex/latex/subfigure/subfigure.cfg)
\subfig@top=\skip71
\subfig@bottom=\skip72
)
(/opt/local/share/texmf-dist/tex/latex/rotating/rotating.sty
Package: rotating 1997/09/26, v2.13 Rotation package
\c@r@tfl@t=\count122
\rot@float@box=\box30
)
(/opt/local/share/texmf-dist/tex/latex/ltxmisc/framed.sty
Package: framed 2003/07/21 v 0.8a: framed or shaded text with page breaks
\FrameRule=\dimen120
\FrameSep=\dimen121
)
(/opt/local/share/texmf-dist/tex/latex/xcolor/xcolor.sty
Package: xcolor 2007/01/21 v2.11 LaTeX color extensions (UK)

(/opt/local/share/texmf/tex/latex/config/color.cfg
File: color.cfg 2007/01/18 v1.5 color configuration of teTeX/TeXLive
)
Package xcolor Info: Driver file: pdftex.def on input line 225.
Package xcolor Info: Model `cmy' substituted by `cmy0' on input line 1337.
Package xcolor Info: Model `hsb' substituted by `rgb' on input line 1341.
Package xcolor Info: Model `RGB' extended on input line 1353.
Package xcolor Info: Model `HTML' substituted by `rgb' on input line 1355.
Package xcolor Info: Model `Hsb' substituted by `hsb' on input line 1356.
Package xcolor Info: Model `tHsb' substituted by `hsb' on input line 1357.
Package xcolor Info: Model `HSB' substituted by `hsb' on input line 1358.
Package xcolor Info: Model `Gray' substituted by `gray' on input line 1359.
Package xcolor Info: Model `wave' substituted by `hsb' on input line 1360.
)
(/opt/local/share/texmf-dist/tex/latex/soul/soul.sty
Package: soul 2003/11/17 v2.4 letterspacing/underlining (mf)
\SOUL@word=\toks32
\SOUL@lasttoken=\toks33
\SOUL@cmds=\toks34
\SOUL@buffer=\toks35
\SOUL@token=\toks36
\SOUL@spaceskip=\skip73
\SOUL@ttwidth=\dimen122
\SOUL@uldp=\dimen123
\SOUL@ulht=\dimen124
)
(/opt/local/share/texmf-dist/tex/latex/tools/enumerate.sty
Package: enumerate 1999/03/05 v3.00 enumerate extensions (DPC)
\@enLab=\toks37
)
(/opt/local/share/texmf-dist/tex/latex/ltxmisc/endnotes.sty
\c@endnote=\count123
\endnotesep=\dimen125
\@enotes=\write4
)
(/opt/local/share/texmf-dist/tex/latex/datetime/datetime.sty
Package: datetime 2006/12/05 v2.49 Date Time Package

(/opt/local/share/texmf-dist/tex/latex/fmtcount/fmtcount.sty
Package: fmtcount 2007/01/06 v1.06
\c@padzeroesN=\count124

No configuration file fmtcount.cfg found.
\@DT@modctr=\count125
\@ordinalctr=\count126
\@orgargctr=\count127
\@strctr=\count128
\@tmpstrctr=\count129
\@DT@loopN=\count130
\@DT@X=\count131
(/opt/local/share/texmf-dist/tex/latex/fmtcount/fc-english.def
File: fc-english 2005/04/29
))
\@day=\count132
\@month=\count133
\@year=\count134
Package datetime Info: No datetime.cfg file found, using default settings on in
put line 151.
\@dtctr=\count135
\dayofyear=\count136
\dayofweek=\count137
LaTeX Info: Redefining \today on input line 414.
\c@HOUR=\count138
\c@HOURXII=\count139
\c@MINUTE=\count140
\c@TOHOUR=\count141
\c@TOMINUTE=\count142
)
(/opt/local/share/texmf-dist/tex/latex/hyperref/hyperref.sty
Package: hyperref 2007/02/07 v6.75r Hypertext links for LaTeX
\@linkdim=\dimen126
\Hy@linkcounter=\count143
\Hy@pagecounter=\count144

(/opt/local/share/texmf-dist/tex/latex/hyperref/pd1enc.def
File: pd1enc.def 2007/02/07 v6.75r Hyperref: PDFDocEncoding definition (HO)
)
(/opt/local/share/texmf/tex/latex/config/hyperref.cfg
File: hyperref.cfg 2002/06/06 v1.2 hyperref configuration of TeXLive
)
(/opt/local/share/texmf-dist/tex/latex/oberdiek/kvoptions.sty
Package: kvoptions 2006/08/22 v2.4 Connects package keyval with LaTeX options (
HO)
)
Package hyperref Info: Hyper figures OFF on input line 2288.
Package hyperref Info: Link nesting OFF on input line 2293.
Package hyperref Info: Hyper index ON on input line 2296.
Package hyperref Info: Plain pages OFF on input line 2303.
Package hyperref Info: Backreferencing OFF on input line 2308.

Implicit mode ON; LaTeX internals redefined
Package hyperref Info: Bookmarks ON on input line 2444.
(/opt/local/share/texmf-dist/tex/latex/ltxmisc/url.sty
\Urlmuskip=\muskip11
Package: url 2005/06/27  ver 3.2  Verb mode for urls, etc.
)
LaTeX Info: Redefining \url on input line 2599.
\Fld@menulength=\count145
\Field@Width=\dimen127
\Fld@charsize=\dimen128
\Choice@toks=\toks38
\Field@toks=\toks39
Package hyperref Info: Hyper figures OFF on input line 3102.
Package hyperref Info: Link nesting OFF on input line 3107.
Package hyperref Info: Hyper index ON on input line 3110.
Package hyperref Info: backreferencing OFF on input line 3117.
Package hyperref Info: Link coloring OFF on input line 3122.
\Hy@abspage=\count146
\c@Item=\count147
\c@Hfootnote=\count148
)
*hyperref using default driver hpdftex*
(/opt/local/share/texmf-dist/tex/latex/hyperref/hpdftex.def
File: hpdftex.def 2007/02/07 v6.75r Hyperref driver for pdfTeX
\Fld@listcount=\count149
)
\c@theorem=\count150
\c@define=\count151

Disabled uppercase in PDF strings
(./thesis-proposal.aux

LaTeX Warning: Label `sec:intro' multiply defined.

)
\openout1 = `thesis-proposal.aux'.

LaTeX Font Info:    Checking defaults for OML/cmm/m/it on input line 172.
LaTeX Font Info:    ... okay on input line 172.
LaTeX Font Info:    Checking defaults for T1/cmr/m/n on input line 172.
LaTeX Font Info:    ... okay on input line 172.
LaTeX Font Info:    Checking defaults for OT1/cmr/m/n on input line 172.
LaTeX Font Info:    ... okay on input line 172.
LaTeX Font Info:    Checking defaults for OMS/cmsy/m/n on input line 172.
LaTeX Font Info:    ... okay on input line 172.
LaTeX Font Info:    Checking defaults for OMX/cmex/m/n on input line 172.
LaTeX Font Info:    ... okay on input line 172.
LaTeX Font Info:    Checking defaults for U/cmr/m/n on input line 172.
LaTeX Font Info:    ... okay on input line 172.
LaTeX Font Info:    Checking defaults for PD1/pdf/m/n on input line 172.
LaTeX Font Info:    ... okay on input line 172.
 (/opt/local/share/texmf-dist/tex/context/base/supp-pdf.tex
[Loading MPS to PDF converter (version 2006.09.02).]
\scratchcounter=\count152
\scratchdimen=\dimen129
\scratchbox=\box31
\nofMPsegments=\count153
\nofMParguments=\count154
\MPscratchCnt=\count155
\MPscratchDim=\dimen130
\MPnumerator=\count156
\everyMPtoPDFconversion=\toks40
)
Package hyperref Info: Link coloring OFF on input line 172.
 (/opt/local/share/texmf-dist/tex/latex/hyperref/nameref.sty
Package: nameref 2006/12/27 v2.28 Cross-referencing by name of section

(/opt/local/share/texmf-dist/tex/latex/oberdiek/refcount.sty
Package: refcount 2006/02/20 v3.0 Data extraction from references (HO)
)
\c@section@level=\count157
)
LaTeX Info: Redefining \ref on input line 172.
LaTeX Info: Redefining \pageref on input line 172.

(./thesis-proposal.out) (./thesis-proposal.out)
\@outlinefile=\write5
\openout5 = `thesis-proposal.out'.

LaTeX Font Info:    Try loading font information for U+msa on input line 197.

(/opt/local/share/texmf-dist/tex/latex/amsfonts/umsa.fd
File: umsa.fd 2002/01/19 v2.2g AMS font definitions
)
LaTeX Font Info:    Try loading font information for U+msb on input line 197.

(/opt/local/share/texmf-dist/tex/latex/amsfonts/umsb.fd
File: umsb.fd 2002/01/19 v2.2g AMS font definitions
) [1

{/opt/local/share/texmf/fonts/map/pdftex/updmap/pdftex.map}]
LaTeX Font Info:    Try loading font information for OMS+cmr on input line 197.


(/opt/local/share/texmf-dist/tex/latex/base/omscmr.fd
File: omscmr.fd 1999/05/25 v2.5h Standard LaTeX font definitions
)
LaTeX Font Info:    Font shape `OMS/cmr/m/n' in size <12> not available
(Font)              Font shape `OMS/cmsy/m/n' tried instead on input line 197.
 [2

]
\lenguide=\skip74

(./thesis-abstract.tex [3

] [4


] [5]) [6] (./thesis-proposal.toc [7

] [8])
\tf@toc=\write6
\openout6 = `thesis-proposal.toc'.


[9] (./thesis-proposal.lot)
\tf@lot=\write7
\openout7 = `thesis-proposal.lot'.

 [10

] (./thesis-proposal.lof)
\tf@lof=\write8
\openout8 = `thesis-proposal.lof'.

 [11

] (./intro.tex

Package hyperref Warning: bookmark level for unknown Chapter defaults to 0.

Missing character: There is no â in font cmr12!
Missing character: There is no € in font cmr12!
Missing character: There is no “ in font cmr12!
Missing character: There is no â in font cmr12!
Missing character: There is no € in font cmr12!
Missing character: There is no “ in font cmr12!
[1


] [2] [3]
Overfull \hbox (4.43526pt too wide) in paragraph at lines 82--86
[]\OT1/cmr/m/n/12 We de-sign, de-velop, and eval-u-ate three dif-fer-ent al-go-
rithms -- \OT1/cmr/m/sc/12 2nd-Best\OT1/cmr/m/n/12 , \OT1/cmr/m/sc/12 Purge\OT1
/cmr/m/n/12 ,
 []

[4] [5]) [6]
Chapter 1.
(./rollback/intro.tex [7

]
Overfull \hbox (5.92128pt too wide) in paragraph at lines 29--34
[]\OT1/cmr/m/n/12 For each al-go-rithm, we prove cor-rect-ness, de-rive com-mu-
ni-ca-tion com-plex-ity bounds,
 []

[8]) (./rollback/problem-stmt.tex [9]) (./rollback/algorithms.tex [10]

Package hyperref Warning: Token not allowed in a PDFDocEncoded string,
(hyperref)                removing `math shift' on input line 31.


Package hyperref Warning: Token not allowed in a PDFDocEncoded string,
(hyperref)                removing `superscript' on input line 31.


Package hyperref Warning: Token not allowed in a PDFDocEncoded string,
(hyperref)                removing `math shift' on input line 31.

[11]) (./rollback/analysis.tex [12]) (./rollback/experiments.tex [13] [14]
Overfull \hbox (2.22688pt too wide) in paragraph at lines 50--55
[]\OT1/cmr/m/n/12 In or-der to es-tab-lish sta-tis-ti-cal sig-nif-i-cance, we g
en-er-ate sev-eral Erd^^?os-R^^Senyi graphs
 []

[15] <figs/rollback-msg-rand5.pdf, id=567, 361.35pt x 252.945pt>
File: figs/rollback-msg-rand5.pdf Graphic file (type pdf)

<use figs/rollback-msg-rand5.pdf> [16 <./figs/rollback-msg-rand5.pdf>]
<figs/p05-lc4.pdf, id=584, 361.35pt x 252.945pt>
File: figs/p05-lc4.pdf Graphic file (type pdf)
 <use figs/p05-lc4.pdf>
<figs/rollback-p05-k4.pdf, id=585, 361.35pt x 252.945pt>
File: figs/rollback-p05-k4.pdf Graphic file (type pdf)

<use figs/rollback-p05-k4.pdf> [17] [18 <./figs/p05-lc4.pdf> <./figs/rollback-p
05-k4.pdf>]) (./rollback/related.tex [19]) (./rollback/conclusion.tex) [20]
[21]
Chapter 2.
(./pmu/intro.tex [22

] [23]) (./pmu/prelim.tex [24] [25])
(./pmu/problem-stmt-inject.tex
Overfull \hbox (14.41577pt too wide) in paragraph at lines 5--11
\OT1/cmr/m/sc/12 serve\OT1/cmr/m/n/12 , \OT1/cmr/m/sc/12 FullObserve-XV\OT1/cmr
/m/n/12 , and \OT1/cmr/m/sc/12 MaxObserve-XV\OT1/cmr/m/n/12 ) and prove their N
P-Completeness.
 []

[26]
Overfull \hbox (1.60466pt too wide) in paragraph at lines 19--25
[]\OT1/cmr/m/n/12 In this sec-tion, we out-line the proof strat-egy we use in e
ach of our NP-Completeness
 []

[27] <figs/gvarphi.pdf, id=733, 457.71pt x 293.095pt>
File: figs/gvarphi.pdf Graphic file (type pdf)
 <use figs/gvarphi.pdf>
<figs/proof1-inject-example.pdf, id=735, 464.73625pt x 315.1775pt>
File: figs/proof1-inject-example.pdf Graphic file (type pdf)

<use figs/proof1-inject-example.pdf>
Overfull \hbox (57.88527pt too wide) in paragraph at lines 57--60
[][] [][] 
 []

<figs/diamond-gadget.pdf, id=744, 557.08125pt x 122.4575pt>
File: figs/diamond-gadget.pdf Graphic file (type pdf)

<use figs/diamond-gadget.pdf>
<figs/line-gadget.pdf, id=749, 197.73875pt x 64.24pt>
File: figs/line-gadget.pdf Graphic file (type pdf)

<use figs/line-gadget.pdf>
Underfull \hbox (badness 10000) in paragraph at lines 74--74
[]\OT1/cmr/m/n/10 (b) The-o-rem
 []


Underfull \hbox (badness 10000) in paragraph at lines 74--74
[]\OT1/cmr/m/n/10 2.2[] clause
 []

<figs/vgadget-inject.pdf, id=752, 557.08125pt x 210.7875pt>
File: figs/vgadget-inject.pdf Graphic file (type pdf)

<use figs/vgadget-inject.pdf>

LaTeX Font Warning: Font shape `OT1/cmr/bx/sc' undefined
(Font)              using `OT1/cmr/bx/n' instead on input line 104.

[28] [29 <./figs/gvarphi.pdf> <./figs/proof1-inject-example.pdf>] [30 <./figs/d
iamond-gadget.pdf> <./figs/line-gadget.pdf> <./figs/vgadget-inject.pdf>])
(./pmu/approx.tex [31]) (./pmu/simulations-inject.tex [32] [33]
<figs/bus57.pdf, id=1290, 361.35pt x 252.945pt>
File: figs/bus57.pdf Graphic file (type pdf)
 <use figs/bus57.pdf>
<figs/xvbus57.pdf, id=1291, 361.35pt x 252.945pt>
File: figs/xvbus57.pdf Graphic file (type pdf)
 <use figs/xvbus57.pdf>)
(./pmu/related.tex [34]) (./pmu/conclude.tex [35 <./figs/bus57.pdf> <./figs/xvb
us57.pdf>]) [36]
Chapter 3.
(./multicast/reliable-mcast.tex [37

] [38] [39]
Overfull \hbox (1.27222pt too wide) in paragraph at lines 94--117
 [] 
 []

[40] [41] [42] [43] [44] [45] [46]
<figs/intuition-example-t1.pdf, id=1521, 393.47pt x 419.5675pt>
File: figs/intuition-example-t1.pdf Graphic file (type pdf)

<use figs/intuition-example-t1.pdf>
<figs/intuition-example-t2.pdf, id=1522, 393.47pt x 419.5675pt>
File: figs/intuition-example-t2.pdf Graphic file (type pdf)

<use figs/intuition-example-t2.pdf> [47] [48 <./figs/intuition-example-t1.pdf> 
<./figs/intuition-example-t2.pdf>] [49] [50] [51] [52] [53] [54] [55] [56]
[57] [58] [59] [60]) [61]
Chapter 4.
(./future.tex [62

] [63]) (./thesis-proposal.bbl [64]

Package hyperref Warning: bookmark level for unknown BackMatter defaults to 0.


Underfull \hbox (badness 10000) in paragraph at lines 12--15
[]\OT1/cmr/m/n/12 Rocketfuel.  []$\OT1/cmtt/m/n/12 http : / / www . cs . washin
gton . edu / research / networking /
 []

[65

] [66] [67] [68]) [69] (./thesis-proposal.aux)

LaTeX Font Warning: Some font shapes were not available, defaults substituted.


LaTeX Warning: There were multiply-defined labels.

 )
(\end occurred inside a group at level 1)

### simple group (level 1) entered at line 84 ({)
### bottom level 
Here is how much of TeX's memory you used:
 6866 strings out of 94073
 89325 string characters out of 1164797
 167758 words of memory out of 1500000
 9671 multiletter control sequences out of 10000+50000
 15007 words of font info for 58 fonts, out of 1200000 for 2000
 645 hyphenation exceptions out of 8191
 30i,14n,43p,777b,534s stack positions out of 5000i,500n,6000p,200000b,5000s
</opt/local/share/texmf-dist/fonts/type1/bluesky/cm/cmbx10.pfb>
</opt/local/share/texmf-dist/fonts/type1/bluesky/cm/cmbx12.pfb></opt/local/shar
e/texmf-dist/fonts/type1/bluesky/cm/cmcsc10.pfb></opt/local/share/texmf-dist/fo
nts/type1/bluesky/cm/cmex10.pfb></opt/local/share/texmf-dist/fonts/type1/bluesk
y/cm/cmmi10.pfb></opt/local/share/texmf-dist/fonts/type1/bluesky/cm/cmmi12.pfb>
</opt/local/share/texmf-dist/fonts/type1/bluesky/cm/cmmi6.pfb></opt/local/share
/texmf-dist/fonts/type1/bluesky/cm/cmmi7.pfb></opt/local/share/texmf-dist/fonts
/type1/bluesky/cm/cmmi8.pfb></opt/local/share/texmf-dist/fonts/type1/bluesky/cm
/cmr10.pfb></opt/local/share/texmf-dist/fonts/type1/bluesky/cm/cmr12.pfb></opt/
local/share/texmf-dist/fonts/type1/bluesky/cm/cmr6.pfb></opt/local/share/texmf-
dist/fonts/type1/bluesky/cm/cmr7.pfb></opt/local/share/texmf-dist/fonts/type1/b
luesky/cm/cmr8.pfb></opt/local/share/texmf-dist/fonts/type1/bluesky/cm/cmsy10.p
fb></opt/local/share/texmf-dist/fonts/type1/bluesky/cm/cmsy6.pfb></opt/local/sh
are/texmf-dist/fonts/type1/bluesky/cm/cmsy7.pfb></opt/local/share/texmf-dist/fo
nts/type1/bluesky/cm/cmsy8.pfb></opt/local/share/texmf-dist/fonts/type1/bluesky
/cm/cmti10.pfb></opt/local/share/texmf-dist/fonts/type1/bluesky/cm/cmti12.pfb><
/opt/local/share/texmf-dist/fonts/type1/bluesky/cm/cmtt10.pfb></opt/local/share
/texmf-dist/fonts/type1/bluesky/cm/cmtt12.pfb></opt/local/share/texmf-dist/font
s/type1/bluesky/ams/msbm10.pfb>
Output written on thesis-proposal.pdf (80 pages, 874598 bytes).
PDF statistics:
 2217 PDF objects out of 2487 (max. 8388607)
 271 named destinations out of 1000 (max. 131072)
 573 words of extra memory for PDF output out of 10000 (max. 10000000)

